-------------------------------------------------------------------------------
Test set: TestSuite
-------------------------------------------------------------------------------
Tests run: 12, Failures: 1, Errors: 0, Skipped: 0, Time elapsed: 29.338 s <<< FAILURE! - in TestSuite
testSubmitAction on testSubmitAction(com.cognizant.IndexPageTest)(com.cognizant.IndexPageTest)  Time elapsed: 1.005 s  <<< FAILURE!
java.lang.AssertionError
	at com.cognizant.IndexPageTest.testSubmitAction(IndexPageTest.java:187)

